<?xml version="1.0" encoding="UTF-8"?>
<testng-results ignored="0" total="1" passed="1" failed="0" skipped="0">
  <reporter-output>
  </reporter-output>
  <suite started-at="2019-08-06T12:30:50Z" name="Suite" finished-at="2019-08-06T12:33:42Z" duration-ms="171121">
    <groups>
    </groups>
    <test started-at="2019-08-06T12:30:50Z" name="Test" finished-at="2019-08-06T12:33:42Z" duration-ms="171121">
      <class name="hr.ogcs.qa.testcases.EAG_TSF_C015">
        <test-method is-config="true" signature="setUp()[pri:0, instance:hr.ogcs.qa.testcases.EAG_TSF_C015@78e94dcf]" started-at="2019-08-06T12:30:51Z" name="setUp" finished-at="2019-08-06T12:31:11Z" duration-ms="20664" status="PASS">
          <reporter-output>
          </reporter-output>
        </test-method> <!-- setUp -->
        <test-method signature="VaultGeneralInformations()[pri:0, instance:hr.ogcs.qa.testcases.EAG_TSF_C015@78e94dcf]" started-at="2019-08-06T12:31:11Z" name="VaultGeneralInformations" finished-at="2019-08-06T12:33:41Z" duration-ms="149456" status="PASS">
          <reporter-output>
          </reporter-output>
        </test-method> <!-- VaultGeneralInformations -->
        <test-method is-config="true" signature="tearDown()[pri:0, instance:hr.ogcs.qa.testcases.EAG_TSF_C015@78e94dcf]" started-at="2019-08-06T12:33:41Z" name="tearDown" finished-at="2019-08-06T12:33:42Z" duration-ms="923" status="PASS">
          <reporter-output>
          </reporter-output>
        </test-method> <!-- tearDown -->
      </class> <!-- hr.ogcs.qa.testcases.EAG_TSF_C015 -->
    </test> <!-- Test -->
  </suite> <!-- Suite -->
</testng-results>
