<?xml version="1.0" encoding="UTF-8"?>
<testng-results ignored="0" total="1" passed="1" failed="0" skipped="0">
  <reporter-output>
  </reporter-output>
  <suite started-at="2019-08-02T12:48:00Z" name="Suite" finished-at="2019-08-02T12:48:34Z" duration-ms="33462">
    <groups>
    </groups>
    <test started-at="2019-08-02T12:48:00Z" name="Test" finished-at="2019-08-02T12:48:34Z" duration-ms="33462">
      <class name="hr.ogcs.qa.testcases.EAG_TSF_D007">
        <test-method is-config="true" signature="setUp()[pri:0, instance:hr.ogcs.qa.testcases.EAG_TSF_D007@75f32542]" started-at="2019-08-02T12:48:00Z" name="setUp" finished-at="2019-08-02T12:48:18Z" duration-ms="17844" status="PASS">
          <reporter-output>
          </reporter-output>
        </test-method> <!-- setUp -->
        <test-method signature="VaultGeneralInformations()[pri:0, instance:hr.ogcs.qa.testcases.EAG_TSF_D007@75f32542]" started-at="2019-08-02T12:48:18Z" name="VaultGeneralInformations" finished-at="2019-08-02T12:48:33Z" duration-ms="14632" status="PASS">
          <reporter-output>
          </reporter-output>
        </test-method> <!-- VaultGeneralInformations -->
        <test-method is-config="true" signature="tearDown()[pri:0, instance:hr.ogcs.qa.testcases.EAG_TSF_D007@75f32542]" started-at="2019-08-02T12:48:33Z" name="tearDown" finished-at="2019-08-02T12:48:34Z" duration-ms="913" status="PASS">
          <reporter-output>
          </reporter-output>
        </test-method> <!-- tearDown -->
      </class> <!-- hr.ogcs.qa.testcases.EAG_TSF_D007 -->
    </test> <!-- Test -->
  </suite> <!-- Suite -->
</testng-results>
